2023-04-18 20:49:38 INFO  Log:15 - **********************
2023-04-18 20:49:38 INFO  Log:16 - **********************
2023-04-18 20:49:38 INFO  Log:17 - *****This is the beginning of my Test Case*****
2023-04-18 20:49:38 INFO  Log:27 - My test case is executing right now
2023-04-18 20:49:38 INFO  Log:30 - My test case might have some trivial issues
2023-04-18 20:49:52 INFO  Log:27 - This test case is about to get completed
2023-04-18 20:49:52 INFO  Log:21 - ################################
2023-04-18 20:49:52 INFO  Log:22 - ################################
2023-04-18 20:49:52 INFO  Log:23 - ################This test case is finished################
2023-05-13 12:35:55 INFO  Log:15 - **********************
2023-05-13 12:35:55 INFO  Log:16 - **********************
2023-05-13 12:35:55 INFO  Log:17 - *****This is the beginning of my Test Case*****
2023-05-13 12:35:55 INFO  Log:27 - My test case is executing right now
2023-05-13 12:35:55 INFO  Log:30 - My test case might have some trivial issues
2023-05-13 12:36:06 INFO  Log:27 - This test case is about to get completed
2023-05-13 12:36:06 INFO  Log:21 - ################################
2023-05-13 12:36:06 INFO  Log:22 - ################################
2023-05-13 12:36:06 INFO  Log:23 - ################This test case is finished################
2023-05-13 12:37:45 INFO  Log:15 - **********************
2023-05-13 12:37:45 INFO  Log:16 - **********************
2023-05-13 12:37:45 INFO  Log:17 - *****This is the beginning of my Test Case*****
2023-05-13 12:37:45 INFO  Log:27 - My test case is executing right now
2023-05-13 12:37:45 INFO  Log:30 - My test case might have some trivial issues
2023-05-13 12:37:53 INFO  Log:27 - This test case is about to get completed
2023-05-13 12:37:53 INFO  Log:21 - ################################
2023-05-13 12:37:53 INFO  Log:22 - ################################
2023-05-13 12:37:53 INFO  Log:23 - ################This test case is finished################
2023-05-13 12:39:21 INFO  Log:15 - **********************
2023-05-13 12:39:21 INFO  Log:16 - **********************
2023-05-13 12:39:21 INFO  Log:17 - *****This is the beginning of my Test Case*****
2023-05-13 12:39:21 INFO  Log:27 - My test case is executing right now
2023-05-13 12:39:21 INFO  Log:30 - My test case might have some trivial issues
2023-05-13 12:39:30 INFO  Log:27 - This test case is about to get completed
2023-05-13 12:39:30 INFO  Log:21 - ################################
2023-05-13 12:39:30 INFO  Log:22 - ################################
2023-05-13 12:39:30 INFO  Log:23 - ################This test case is finished################
2023-05-13 12:42:44 INFO  Log:15 - **********************
2023-05-13 12:42:44 INFO  Log:16 - **********************
2023-05-13 12:42:44 INFO  Log:17 - *****This is the beginning of my Test Case*****
2023-05-13 12:42:44 INFO  Log:27 - My test case is executing right now
2023-05-13 12:42:44 INFO  Log:30 - My test case might have some trivial issues
2023-05-13 12:42:52 INFO  Log:27 - This test case is about to get completed
2023-05-13 12:42:52 INFO  Log:21 - ################################
2023-05-13 12:42:52 INFO  Log:22 - ################################
2023-05-13 12:42:52 INFO  Log:23 - ################This test case is finished################
2023-05-13 12:46:28 INFO  Log:15 - **********************
2023-05-13 12:46:28 INFO  Log:16 - **********************
2023-05-13 12:46:28 INFO  Log:17 - *****This is the beginning of my Test Case*****
2023-05-13 12:46:28 INFO  Log:27 - My test case is executing right now
2023-05-13 12:46:28 INFO  Log:30 - My test case might have some trivial issues
2023-05-13 12:46:33 INFO  Log:27 - This test case is about to get completed
2023-05-13 12:46:33 INFO  Log:21 - ################################
2023-05-13 12:46:33 INFO  Log:22 - ################################
2023-05-13 12:46:33 INFO  Log:23 - ################This test case is finished################
2023-05-13 12:47:34 INFO  Log:15 - **********************
2023-05-13 12:47:34 INFO  Log:16 - **********************
2023-05-13 12:47:34 INFO  Log:17 - *****This is the beginning of my Test Case*****
2023-05-13 12:47:34 INFO  Log:27 - My test case is executing right now
2023-05-13 12:47:34 INFO  Log:30 - My test case might have some trivial issues
2023-05-13 12:47:42 INFO  Log:27 - This test case is about to get completed
2023-05-13 12:47:42 INFO  Log:21 - ################################
2023-05-13 12:47:42 INFO  Log:22 - ################################
2023-05-13 12:47:42 INFO  Log:23 - ################This test case is finished################
2023-05-30 21:25:35 INFO  Log:15 - **********************
2023-05-30 21:25:35 INFO  Log:16 - **********************
2023-05-30 21:25:35 INFO  Log:17 - *****This is the beginning of my Test Case*****
2023-05-30 21:25:35 INFO  Log:27 - My test case is executing right now
2023-05-30 21:25:35 INFO  Log:30 - My test case might have some trivial issues
2023-05-30 21:25:47 INFO  Log:27 - This test case is about to get completed
2023-05-30 21:25:47 INFO  Log:21 - ################################
2023-05-30 21:25:47 INFO  Log:22 - ################################
2023-05-30 21:25:47 INFO  Log:23 - ################This test case is finished################
2023-05-30 21:32:39 INFO  Log:15 - **********************
2023-05-30 21:32:39 INFO  Log:16 - **********************
2023-05-30 21:32:39 INFO  Log:17 - *****This is the beginning of my Test Case*****
2023-05-30 21:32:39 INFO  Log:27 - My test case is executing right now
2023-05-30 21:32:39 INFO  Log:30 - My test case might have some trivial issues
2023-05-30 21:33:21 INFO  Log:27 - This test case is about to get completed
2023-05-30 21:33:21 INFO  Log:21 - ################################
2023-05-30 21:33:21 INFO  Log:22 - ################################
2023-05-30 21:33:21 INFO  Log:23 - ################This test case is finished################
